19:59:10.807 INFO [GridLauncherV3.parse] - Selenium server version: 4.0.0-alpha-1, revision: d1d3728cae
19:59:11.004 INFO [GridLauncherV3.lambda$buildLaunchers$3] - Launching a standalone Selenium Server on port 4444
19:59:11.640 INFO [WebDriverServlet.<init>] - Initialising WebDriverServlet
19:59:11.921 INFO [SeleniumServer.boot] - Selenium Server is up and running on port 4444
19:59:12.636 INFO [ActiveSessionFactory.apply] - Capabilities are: {
  "acceptSslCerts": true,
  "browserName": "chrome",
  "javascriptEnabled": true,
  "name": "Funcionaltest",
  "nativeEvents": true
}
19:59:12.637 INFO [ActiveSessionFactory.apply] - Capabilities are: {
  "acceptSslCerts": true,
  "browserName": "chrome",
  "javascriptEnabled": true,
  "name": "Nightwatch Conf",
  "nativeEvents": true
}
19:59:12.640 INFO [ActiveSessionFactory.lambda$apply$11] - Matched factory org.openqa.selenium.grid.session.remote.ServicedSession$Factory (provider: org.openqa.selenium.chrome.ChromeDriverService)
19:59:12.640 INFO [ActiveSessionFactory.lambda$apply$11] - Matched factory org.openqa.selenium.grid.session.remote.ServicedSession$Factory (provider: org.openqa.selenium.chrome.ChromeDriverService)
SStatratritnign gC hroCmherDormievDerri v7e4r. 07.43.702.93.762 9(.265 5(725585e7c5c8fe3cdc2f434d429414b489a11b381a71a3a1776aea1ce10d577e69e-1rceef10sd/5b7rea9n-crhe-fhse/abdrsa/n3c7h2-9h@e{a#d2s9/}3)7 2o9n@ {p#o2r9t} )3 6o4n6 
Only lopcalo rcto n1n6e544c
Ontlyi olnosc aalr ec oanlnleocwteido.n
Plesas ea rper oatlelcotw epdo.r
Pltesa sues epdr obtye cCth rpoomretDsr iuvseerd  abnyd  CrherloamteeDdr itveesrt  afnrda mreewloartkesd  ttoe sptr efvreanmte waccoerskss  btyo  mparleivceinotu sa cccoedses. 
by malicious code.
19:59:36.986 INFO [ProtocolHandshake.createSession] - Detected dialect: OSS
19:59:36.986 INFO [ProtocolHandshake.createSession] - Detected dialect: OSS
19:59:38.897 INFO [RemoteSession$Factory.lambda$performHandshake$0] - Started new session 86d2d9d26cda2ae8c42c917c22d714b4 (org.openqa.selenium.chrome.ChromeDriverService)
19:59:38.898 INFO [RemoteSession$Factory.lambda$performHandshake$0] - Started new session 8fe2afab17915d0b790b01d04f73d89c (org.openqa.selenium.chrome.ChromeDriverService)
19:59:39.522 INFO [ActiveSessions$1.onStop] - Removing session 8fe2afab17915d0b790b01d04f73d89c (org.openqa.selenium.chrome.ChromeDriverService)
19:59:41.933 INFO [ActiveSessions$1.onStop] - Removing session 86d2d9d26cda2ae8c42c917c22d714b4 (org.openqa.selenium.chrome.ChromeDriverService)
